<?xml version="1.0" encoding="UTF-8"?>
<!-- Generated by org.testng.reporters.JUnitXMLReporter -->
<testsuite ignored="2" hostname="Maheswaridarla" failures="0" tests="1" name="Default test" time="36.592" errors="0" timestamp="2025-07-30T18:01:07 IST">
  <testcase classname="Contact_Module.ContactScenariosTest" name="CreateNewContact1" time="30.474"/>
  <testcase classname="Contact_Module.ContactScenariosTest" name="Create_Orgwith_Cont" time="0.0">
    <ignored/>
  </testcase> <!-- Create_Orgwith_Cont -->
  <testcase classname="Contact_Module.ContactScenariosTest" name="CreateNewContact" time="0.0">
    <ignored/>
  </testcase> <!-- CreateNewContact -->
</testsuite> <!-- Default test -->
