<?xml version="1.0" encoding="UTF-8"?>
<!-- Generated by org.testng.reporters.JUnitXMLReporter -->
<testsuite ignored="4" hostname="Maheswaridarla" failures="0" tests="6" name="Test" time="248.389" errors="0" timestamp="2025-07-29T18:05:46 IST">
  <testcase classname="Contact_Module.ContactScenariosTest" name="CreateNewContact" time="29.571"/>
  <testcase classname="Contact_Module.ContactScenariosTest" name="CreateNewContact1" time="21.752"/>
  <testcase classname="Contact_Module.ContactScenariosTest" name="Create_Orgwith_Cont" time="49.381"/>
  <testcase classname="OrganizationModule.OrganizationsScenariosTest" name="CreateNewOrgTest" time="27.514"/>
  <testcase classname="OrganizationModule.OrganizationsScenariosTest" name="CreateNewOrgTest1" time="24.848"/>
  <testcase classname="OrganizationModule.OrganizationsScenariosTest" name="CreateNewOrgTest11" time="27.638"/>
  <testcase classname="BaseClassUtility.Baseclass" name="@AfterSuite closeTheConnectionWithDb" time="0.0">
    <ignored/>
  </testcase> <!-- @AfterSuite closeTheConnectionWithDb -->
  <testcase classname="BaseClassUtility.Baseclass" name="@AfterTest closeParllelExe" time="0.0">
    <ignored/>
  </testcase> <!-- @AfterTest closeParllelExe -->
  <testcase classname="BaseClassUtility.Baseclass" name="@BeforeTest conparallelExe" time="0.0">
    <ignored/>
  </testcase> <!-- @BeforeTest conparallelExe -->
  <testcase classname="BaseClassUtility.Baseclass" name="@BeforeSuite getConnectionToDb" time="0.0">
    <ignored/>
  </testcase> <!-- @BeforeSuite getConnectionToDb -->
</testsuite> <!-- Test -->
