<?xml version="1.0" encoding="UTF-8"?>
<!-- Generated by org.testng.reporters.JUnitXMLReporter -->
<testsuite ignored="0" hostname="Maheswaridarla" failures="0" tests="3" name="Test_chrome" time="123.28" errors="0" timestamp="2025-07-22T17:30:45 IST">
  <testcase classname="OrganizationModule.OrganizationsScenariosTest" name="CreateNewOrgTest" time="42.651"/>
  <testcase classname="OrganizationModule.OrganizationsScenariosTest" name="CreateNewOrgTest1" time="41.883"/>
  <testcase classname="OrganizationModule.OrganizationsScenariosTest" name="CreateNewOrgTest11" time="38.682"/>
</testsuite> <!-- Test_chrome -->
