<?xml version="1.0" encoding="UTF-8"?>
<!-- Generated by org.testng.reporters.JUnitXMLReporter -->
<testsuite ignored="0" hostname="Maheswaridarla" failures="0" tests="3" name="Test_edge" time="143.546" errors="0" timestamp="2025-07-22T17:31:06 IST">
  <testcase classname="Contact_Module.ContactScenariosTest" name="CreateNewContact" time="43.391"/>
  <testcase classname="Contact_Module.ContactScenariosTest" name="CreateNewContact1" time="34.901"/>
  <testcase classname="Contact_Module.ContactScenariosTest" name="Create_Orgwith_Cont" time="65.203"/>
</testsuite> <!-- Test_edge -->
