<?xml version="1.0" encoding="UTF-8"?>
<testng-results ignored="0" total="1" passed="1" failed="0" skipped="0">
  <reporter-output>
    <line>
      <![CDATA[suite execution started-configure the reports]]>
    </line>
    <line>
      <![CDATA[configure parallel execution]]>
    </line>
    <line>
      <![CDATA[CreateNewContact1test execution started]]>
    </line>
    <line>
      <![CDATA[CreateNewContact1test execution success]]>
    </line>
    <line>
      <![CDATA[close configaration of parallel Execution]]>
    </line>
  </reporter-output>
  <suite started-at="2025-07-30T18:00:30 IST" name="Default suite" finished-at="2025-07-30T18:01:07 IST" duration-ms="36592">
    <groups>
      <group name="smoke">
        <method signature="ContactScenariosTest.CreateNewContact1()[pri:0, instance:Contact_Module.ContactScenariosTest@7eac9008]" name="CreateNewContact1" class="Contact_Module.ContactScenariosTest"/>
      </group> <!-- smoke -->
    </groups>
    <test started-at="2025-07-30T18:00:30 IST" name="Default test" finished-at="2025-07-30T18:01:07 IST" duration-ms="36592">
      <class name="Contact_Module.ContactScenariosTest">
        <test-method is-config="true" signature="getConnectionToDb()[pri:0, instance:Contact_Module.ContactScenariosTest@7eac9008]" started-at="2025-07-30T18:00:30 IST" name="getConnectionToDb" finished-at="2025-07-30T18:00:30 IST" duration-ms="488" status="PASS">
          <reporter-output>
          </reporter-output>
        </test-method> <!-- getConnectionToDb -->
        <test-method is-config="true" signature="conparallelExe()[pri:0, instance:Contact_Module.ContactScenariosTest@7eac9008]" started-at="2025-07-30T18:00:30 IST" name="conparallelExe" finished-at="2025-07-30T18:00:30 IST" duration-ms="2" status="PASS">
          <reporter-output>
            <line>
              <![CDATA[configure parallel execution]]>
            </line>
          </reporter-output>
        </test-method> <!-- conparallelExe -->
        <test-method is-config="true" signature="launchTheBrowser()[pri:0, instance:Contact_Module.ContactScenariosTest@7eac9008]" started-at="2025-07-30T18:00:30 IST" name="launchTheBrowser" finished-at="2025-07-30T18:00:33 IST" duration-ms="2907" status="PASS">
          <reporter-output>
          </reporter-output>
        </test-method> <!-- launchTheBrowser -->
        <test-method is-config="true" signature="login()[pri:0, instance:Contact_Module.ContactScenariosTest@7eac9008]" started-at="2025-07-30T18:00:33 IST" name="login" finished-at="2025-07-30T18:00:34 IST" duration-ms="1122" status="PASS">
          <reporter-output>
          </reporter-output>
        </test-method> <!-- login -->
        <test-method signature="CreateNewContact1()[pri:0, instance:Contact_Module.ContactScenariosTest@7eac9008]" started-at="2025-07-30T18:00:34 IST" name="CreateNewContact1" finished-at="2025-07-30T18:01:05 IST" duration-ms="30474" status="PASS">
          <reporter-output>
            <line>
              <![CDATA[CreateNewContact1test execution started]]>
            </line>
            <line>
              <![CDATA[CreateNewContact1test execution success]]>
            </line>
          </reporter-output>
        </test-method> <!-- CreateNewContact1 -->
        <test-method is-config="true" signature="logout()[pri:0, instance:Contact_Module.ContactScenariosTest@7eac9008]" started-at="2025-07-30T18:01:05 IST" name="logout" finished-at="2025-07-30T18:01:07 IST" duration-ms="2028" status="PASS">
          <reporter-output>
          </reporter-output>
        </test-method> <!-- logout -->
        <test-method is-config="true" signature="closeParllelExe()[pri:0, instance:Contact_Module.ContactScenariosTest@7eac9008]" started-at="2025-07-30T18:01:07 IST" name="closeParllelExe" finished-at="2025-07-30T18:01:07 IST" duration-ms="2" status="PASS">
          <reporter-output>
            <line>
              <![CDATA[close configaration of parallel Execution]]>
            </line>
          </reporter-output>
        </test-method> <!-- closeParllelExe -->
        <test-method is-config="true" signature="closeTheConnectionWithDb()[pri:0, instance:Contact_Module.ContactScenariosTest@7eac9008]" started-at="2025-07-30T18:01:07 IST" name="closeTheConnectionWithDb" finished-at="2025-07-30T18:01:07 IST" duration-ms="4" status="PASS">
          <reporter-output>
          </reporter-output>
        </test-method> <!-- closeTheConnectionWithDb -->
      </class> <!-- Contact_Module.ContactScenariosTest -->
    </test> <!-- Default test -->
  </suite> <!-- Default suite -->
</testng-results>
